<?xml version="1.0" encoding="UTF-8"?>
<!-- Generated by org.testng.reporters.JUnitXMLReporter -->
<testsuite ignored="0" hostname="Rayhans-MacBook-Air.local" failures="0" tests="15" name="Release 2023.7 Sanity Testing" time="101.403" errors="0" timestamp="2023-07-09T12:23:41 BDT">
  <testcase classname="com.formy.tests.PageScroll_Sanity_Test" name="verifyingScrollingPage" time="5.49"/>
  <testcase classname="com.formy.tests.CheckBox_Regression_Test" name="VerifyCheckBox" time="4.167"/>
  <testcase classname="com.formy.tests.ModalPage_Unit_Test" name="verifyingModel" time="4.157"/>
  <testcase classname="com.formy.tests.DragAndDrop_Regression_Test" name="verfyDragAnddrop" time="6.909"/>
  <testcase classname="com.formy.tests.FormyButtons_Sanity_Test" name="VerifyBtnFunctionality" time="4.543"/>
  <testcase classname="com.formy.tests.CompleteWebForm_Smoke_Test" name="verifyingWebForm" time="9.235"/>
  <testcase classname="com.formy.tests.RadioButton_Regression_Test" name="verifyRadioButtons" time="8.532"/>
  <testcase classname="com.formy.tests.Autocomplete_Regression" name="VerifyAutoCompleteForm" time="3.634"/>
  <testcase classname="com.formy.tests.KeyboardandMousePress_Unit_Test" name="VerifyingKeyboardandMouseInput" time="4.294"/>
  <testcase classname="com.formy.tests.EnbledAndDisbled_Sanity_Test" name="checkingEnbledDisbledButton" time="3.824"/>
  <testcase classname="com.formy.tests.FileUpload_Unit_Test" name="VerifyFileUpload" time="5.446"/>
  <testcase classname="com.formy.tests.DatePicker_Smoke" name="VerifyCalender" time="4.96"/>
  <testcase classname="com.formy.tests.DropDoown_Sanity" name="VerifyingDropDownMenue" time="7.062"/>
  <testcase classname="com.formy.tests.SwithWindow_Integration_Test" name="VerifyingMultipleTab" time="5.022"/>
  <testcase classname="com.formy.tests.SwithWindow_Integration_Test" name="VerifyingAlert" time="3.91"/>
</testsuite> <!-- Release 2023.7 Sanity Testing -->
