<?xml version="1.0" encoding="UTF-8"?>
<!-- Generated by org.testng.reporters.JUnitXMLReporter -->
<testsuite ignored="0" hostname="Rayhans-MacBook-Air.local" failures="0" tests="15" name="Test" time="31.07" errors="0" timestamp="2023-07-09T12:02:40 BDT">
  <testcase classname="com.formy.tests.CheckBox_Regression_Test" name="VerifyCheckBox" time="3.456"/>
  <testcase classname="com.formy.tests.FormyButtons_Sanity_Test" name="VerifyBtnFunctionality" time="4.042"/>
  <testcase classname="com.formy.tests.DragAndDrop_Regression_Test" name="verfyDragAnddrop" time="5.256"/>
  <testcase classname="com.formy.tests.PageScroll_Sanity_Test" name="verifyingScrollingPage" time="5.247"/>
  <testcase classname="com.formy.tests.ModalPage_Unit_Test" name="verifyingModel" time="5.314"/>
  <testcase classname="com.formy.tests.CompleteWebForm_Smoke_Test" name="verifyingWebForm" time="3.71"/>
  <testcase classname="com.formy.tests.RadioButton_Regression_Test" name="verifyRadioButtons" time="3.953"/>
  <testcase classname="com.formy.tests.Autocomplete_Regression" name="VerifyAutoCompleteForm" time="6.265"/>
  <testcase classname="com.formy.tests.KeyboardandMousePress_Unit_Test" name="VerifyingKeyboardandMouseInput" time="7.437"/>
  <testcase classname="com.formy.tests.EnbledAndDisbled_Sanity_Test" name="checkingEnbledDisbledButton" time="7.509"/>
  <testcase classname="com.formy.tests.FileUpload_Unit_Test" name="VerifyFileUpload" time="6.195"/>
  <testcase classname="com.formy.tests.DropDoown_Sanity" name="VerifyingDropDownMenue" time="3.972"/>
  <testcase classname="com.formy.tests.DatePicker_Smoke" name="VerifyCalender" time="7.945"/>
  <testcase classname="com.formy.tests.SwithWindow_Integration_Test" name="VerifyingAlert" time="5.144"/>
  <testcase classname="com.formy.tests.SwithWindow_Integration_Test" name="VerifyingMultipleTab" time="6.037"/>
</testsuite> <!-- Test -->
