<?xml version="1.0" encoding="UTF-8"?>
<!-- Generated by org.testng.reporters.JUnitXMLReporter -->
<testsuite ignored="0" hostname="Rayhans-MacBook-Air.local" failures="0" tests="2" name="Release 2023.7 smoke Testing" time="48.15" errors="0" timestamp="2023-07-09T12:36:55 BDT">
  <testcase classname="com.formy.tests.SwithWindow_Integration_Test" name="VerifyingMultipleTab" time="11.563"/>
  <testcase classname="com.formy.tests.SwithWindow_Integration_Test" name="VerifyingAlert" time="18.459"/>
</testsuite> <!-- Release 2023.7 smoke Testing -->
