<?xml version="1.0" encoding="UTF-8"?>
<testng-results ignored="0" total="1" passed="1" failed="0" skipped="0">
  <reporter-output>
  </reporter-output>
  <suite started-at="2023-07-09T12:38:22 BDT" name="Default suite" finished-at="2023-07-09T12:38:31 BDT" duration-ms="9014">
    <groups>
      <group name="smoke">
        <method signature="Autocomplete_Regression.VerifyAutoCompleteForm()[pri:1, instance:com.formy.tests.Autocomplete_Regression@30ee2816]" name="VerifyAutoCompleteForm" class="com.formy.tests.Autocomplete_Regression"/>
      </group> <!-- smoke -->
    </groups>
    <test started-at="2023-07-09T12:38:22 BDT" name="Default test" finished-at="2023-07-09T12:38:31 BDT" duration-ms="9014">
      <class name="com.formy.tests.Autocomplete_Regression">
        <test-method is-config="true" signature="setup(java.lang.String)[pri:0, instance:com.formy.tests.Autocomplete_Regression@30ee2816]" started-at="2023-07-09T12:38:22 BDT" name="setup" finished-at="2023-07-09T12:38:25 BDT" duration-ms="2314" status="PASS">
          <params>
            <param index="0">
              <value>
                <![CDATA[chrome]]>
              </value>
            </param>
          </params>
          <reporter-output>
          </reporter-output>
        </test-method> <!-- setup -->
        <test-method signature="VerifyAutoCompleteForm()[pri:1, instance:com.formy.tests.Autocomplete_Regression@30ee2816]" started-at="2023-07-09T12:38:25 BDT" name="VerifyAutoCompleteForm" finished-at="2023-07-09T12:38:31 BDT" duration-ms="6577" status="PASS">
          <reporter-output>
          </reporter-output>
        </test-method> <!-- VerifyAutoCompleteForm -->
        <test-method is-config="true" signature="tearUp()[pri:0, instance:com.formy.tests.Autocomplete_Regression@30ee2816]" started-at="2023-07-09T12:38:31 BDT" name="tearUp" finished-at="2023-07-09T12:38:31 BDT" duration-ms="109" status="PASS">
          <reporter-output>
          </reporter-output>
        </test-method> <!-- tearUp -->
      </class> <!-- com.formy.tests.Autocomplete_Regression -->
    </test> <!-- Default test -->
  </suite> <!-- Default suite -->
</testng-results>
